<?xml version="1.0" encoding="utf-8"?><testsuites><testsuite name="pytest" errors="0" failures="0" skipped="0" tests="0" time="0.040" timestamp="2023-09-05T17:46:14.638077" hostname="f7f45905e934" /></testsuites>